<?xml version="1.0" encoding="UTF-8"?>
<testng-results ignored="0" total="1" passed="1" failed="0" skipped="0">
  <reporter-output>
    <line>
      <![CDATA[Browser Launched]]>
    </line>
    <line>
      <![CDATA[Test Case: Buying in Amazon]]>
    </line>
    <line>
      <![CDATA[============================================]]>
    </line>
    <line>
      <![CDATA[1.Navigate to the page https://www.amazon.in/.]]>
    </line>
    <line>
      <![CDATA[2. Utilize the search box to look for "iPhone 13 (128GB) - Pink" by reading the value from an Excel sheet.]]>
    </line>
    <line>
      <![CDATA[3. Assert that the displayed item title is "iPhone 13 (128GB) - Pink".]]>
    </line>
    <line>
      <![CDATA[4. Select the item "iPhone 13 (128GB) - Pink" then scroll down to About this item section ,then verify if the partial text matches "15 cm (6.1-inch) Super Retina XDR display".]]>
    </line>
    <line>
      <![CDATA[5. Add the item "iPhone 13 (128GB) - Pink" to the cart and validate whether the same item name and price are displayed.]]>
    </line>
    <line>
      <![CDATA[6. Confirm that the subtotal is equal to the price of 52,999.00 by reading the value from an Excel sheet.]]>
    </line>
    <line>
      <![CDATA[7. Delete the added item from the cart and verify whether the subtotal is now "0.00".]]>
    </line>
    <line>
      <![CDATA[8. Capture screenshots throughout the process and generate a report according to your preferences.]]>
    </line>
    <line>
      <![CDATA[============================================]]>
    </line>
    <line>
      <![CDATA[ ]]>
    </line>
    <line>
      <![CDATA[Entered search text: iPhone 13 (128GB) - Pink]]>
    </line>
    <line>
      <![CDATA[Clicked on search button]]>
    </line>
    <line>
      <![CDATA[Apple iPhone 13 (128GB) - Pink is present]]>
    </line>
    <line>
      <![CDATA[Clicked on iPhone Pink]]>
    </line>
    <line>
      <![CDATA[Verified '15 cm (6.1-inch) Super Retina XDR display' is present ]]>
    </line>
    <line>
      <![CDATA[Clicked on Add to Cart button]]>
    </line>
    <line>
      <![CDATA[Clicked on View Cart button]]>
    </line>
    <line>
      <![CDATA[Verified Subtotal Amount equals to 52,999.00]]>
    </line>
    <line>
      <![CDATA[Clicked on Delete button]]>
    </line>
    <line>
      <![CDATA[Verified Subtotal Amount equals to 0.00]]>
    </line>
    <line>
      <![CDATA[]]>
    </line>
    <line>
      <![CDATA[Screenshots are saved in screenshots folder]]>
    </line>
    <line>
      <![CDATA[Browser closed]]>
    </line>
  </reporter-output>
  <suite started-at="2024-02-09T08:14:04 IST" name="Suite" finished-at="2024-02-09T08:15:04 IST" duration-ms="59872">
    <groups>
    </groups>
    <test started-at="2024-02-09T08:14:04 IST" name="AmazonTest" finished-at="2024-02-09T08:15:04 IST" duration-ms="59872">
      <class name="in.amazon.iphoneTest.TestExecution">
        <test-method is-config="true" signature="ScreenshotFolderSetup()[pri:0, instance:in.amazon.iphoneTest.TestExecution@5be6e01c]" started-at="2024-02-09T08:14:04 IST" name="ScreenshotFolderSetup" finished-at="2024-02-09T08:14:04 IST" duration-ms="38" status="PASS">
          <reporter-output>
          </reporter-output>
        </test-method> <!-- ScreenshotFolderSetup -->
        <test-method is-config="true" signature="LaunchBrowser()[pri:0, instance:in.amazon.iphoneTest.TestExecution@5be6e01c]" started-at="2024-02-09T08:14:07 IST" name="LaunchBrowser" finished-at="2024-02-09T08:14:26 IST" duration-ms="19325" status="PASS">
          <reporter-output>
            <line>
              <![CDATA[Browser Launched]]>
            </line>
          </reporter-output>
        </test-method> <!-- LaunchBrowser -->
        <test-method signature="shopping(utils.ExcelTestData)[pri:0, instance:in.amazon.iphoneTest.TestExecution@5be6e01c]" started-at="2024-02-09T08:14:26 IST" name="shopping" data-provider="testData" finished-at="2024-02-09T08:15:02 IST" duration-ms="36190" status="PASS">
          <params>
            <param index="0">
              <value>
                <![CDATA[utils.ExcelTestData@4893b344]]>
              </value>
            </param>
          </params>
          <reporter-output>
            <line>
              <![CDATA[Test Case: Buying in Amazon]]>
            </line>
            <line>
              <![CDATA[============================================]]>
            </line>
            <line>
              <![CDATA[1.Navigate to the page https://www.amazon.in/.]]>
            </line>
            <line>
              <![CDATA[2. Utilize the search box to look for "iPhone 13 (128GB) - Pink" by reading the value from an Excel sheet.]]>
            </line>
            <line>
              <![CDATA[3. Assert that the displayed item title is "iPhone 13 (128GB) - Pink".]]>
            </line>
            <line>
              <![CDATA[4. Select the item "iPhone 13 (128GB) - Pink" then scroll down to About this item section ,then verify if the partial text matches "15 cm (6.1-inch) Super Retina XDR display".]]>
            </line>
            <line>
              <![CDATA[5. Add the item "iPhone 13 (128GB) - Pink" to the cart and validate whether the same item name and price are displayed.]]>
            </line>
            <line>
              <![CDATA[6. Confirm that the subtotal is equal to the price of 52,999.00 by reading the value from an Excel sheet.]]>
            </line>
            <line>
              <![CDATA[7. Delete the added item from the cart and verify whether the subtotal is now "0.00".]]>
            </line>
            <line>
              <![CDATA[8. Capture screenshots throughout the process and generate a report according to your preferences.]]>
            </line>
            <line>
              <![CDATA[============================================]]>
            </line>
            <line>
              <![CDATA[ ]]>
            </line>
            <line>
              <![CDATA[Entered search text: iPhone 13 (128GB) - Pink]]>
            </line>
            <line>
              <![CDATA[Clicked on search button]]>
            </line>
            <line>
              <![CDATA[Apple iPhone 13 (128GB) - Pink is present]]>
            </line>
            <line>
              <![CDATA[Clicked on iPhone Pink]]>
            </line>
            <line>
              <![CDATA[Verified '15 cm (6.1-inch) Super Retina XDR display' is present ]]>
            </line>
            <line>
              <![CDATA[Clicked on Add to Cart button]]>
            </line>
            <line>
              <![CDATA[Clicked on View Cart button]]>
            </line>
            <line>
              <![CDATA[Verified Subtotal Amount equals to 52,999.00]]>
            </line>
            <line>
              <![CDATA[Clicked on Delete button]]>
            </line>
            <line>
              <![CDATA[Verified Subtotal Amount equals to 0.00]]>
            </line>
            <line>
              <![CDATA[]]>
            </line>
            <line>
              <![CDATA[Screenshots are saved in screenshots folder]]>
            </line>
          </reporter-output>
        </test-method> <!-- shopping -->
        <test-method is-config="true" signature="tearDown()[pri:0, instance:in.amazon.iphoneTest.TestExecution@5be6e01c]" started-at="2024-02-09T08:15:02 IST" name="tearDown" finished-at="2024-02-09T08:15:04 IST" duration-ms="1767" status="PASS">
          <reporter-output>
            <line>
              <![CDATA[Browser closed]]>
            </line>
          </reporter-output>
        </test-method> <!-- tearDown -->
      </class> <!-- in.amazon.iphoneTest.TestExecution -->
    </test> <!-- AmazonTest -->
  </suite> <!-- Suite -->
</testng-results>
